<?xml version="1.0" encoding="UTF-8"?>
<!-- Generated by org.testng.reporters.JUnitReportReporter -->
<testsuite hostname="DESKTOP-CN90M96" name="org.test.Facebookregistration" tests="3" failures="0" timestamp="23 Dec 2024 17:50:40 GMT" time="51.511" errors="0">
  <testcase name="test" time="17.037" classname="org.test.Facebookregistration"/>
  <testcase name="test" time="18.041" classname="org.test.Facebookregistration"/>
  <testcase name="test" time="16.433" classname="org.test.Facebookregistration"/>
</testsuite> <!-- org.test.Facebookregistration -->
