<?xml version="1.0" encoding="UTF-8"?>
<!-- Generated by org.testng.reporters.JUnitReportReporter -->
<testsuite hostname="DESKTOP-CN90M96" name="org.test.ReadData" tests="8" failures="0" timestamp="23 Dec 2024 17:50:40 GMT" time="109.766" errors="0">
  <testcase name="login" time="17.427" classname="org.test.ReadData"/>
  <testcase name="login" time="13.246" classname="org.test.ReadData"/>
  <testcase name="login" time="13.095" classname="org.test.ReadData"/>
  <testcase name="login" time="16.603" classname="org.test.ReadData"/>
  <testcase name="login" time="12.028" classname="org.test.ReadData"/>
  <testcase name="login" time="12.429" classname="org.test.ReadData"/>
  <testcase name="login" time="12.902" classname="org.test.ReadData"/>
  <testcase name="login" time="12.036" classname="org.test.ReadData"/>
</testsuite> <!-- org.test.ReadData -->
